<?xml version="1.0" encoding="UTF-8"?>
<!-- Generated by org.testng.reporters.JUnitReportReporter -->
<testsuite skipped="0" hostname="DESKTOP-R4CF4CN" name="qa.crm.test.sanity.NewContactPageTest" tests="1" failures="0" timestamp="30 Dec 2019 19:53:40 GMT" time="32.281" errors="0">
  <testcase name="validateAddContact" time="32.281" classname="qa.crm.test.sanity.NewContactPageTest"/>
</testsuite> <!-- qa.crm.test.sanity.NewContactPageTest -->
