<?xml version="1.0" encoding="UTF-8"?>
<!-- Generated by org.testng.reporters.JUnitReportReporter -->
<testsuite skipped="0" hostname="DESKTOP-R4CF4CN" name="qa.crm.test.sanity.HomePageTest" tests="1" failures="0" timestamp="30 Dec 2019 19:53:40 GMT" time="39.387" errors="0">
  <testcase name="checkUser" time="39.387" classname="qa.crm.test.sanity.HomePageTest"/>
</testsuite> <!-- qa.crm.test.sanity.HomePageTest -->
